0 info it worked if it ends with ok
1 verbose cli [ '/usr/local/bin/node', '/usr/local/bin/npm', 'install' ]
2 info using npm@1.3.21
3 info using node@v0.10.24
4 verbose node symlink /usr/local/bin/node
5 warn package.json stravamileage@0.0.1 No repository field.
6 verbose readDependencies using package.json deps
7 verbose install where, deps [ '/Users/kahnjw/Documents/strava_mileage',
7 verbose install   [ 'less',
7 verbose install     'bower',
7 verbose install     'grunt',
7 verbose install     'grunt-cli',
7 verbose install     'grunt-contrib-handlebars',
7 verbose install     'grunt-contrib-jasmine',
7 verbose install     'grunt-contrib-jshint',
7 verbose install     'grunt-contrib-less',
7 verbose install     'grunt-contrib-requirejs',
7 verbose install     'grunt-contrib-testem',
7 verbose install     'grunt-contrib-watch',
7 verbose install     'grunt-env',
7 verbose install     'load-grunt-tasks',
7 verbose install     'testem',
7 verbose install     'handlebars-xgettext',
7 verbose install     'grunt-contrib-connect',
7 verbose install     'grunt-react',
7 verbose install     'react-require' ] ]
8 info preinstall stravamileage@0.0.1
9 verbose readDependencies using package.json deps
10 verbose already installed skipping less@1.4.1 /Users/kahnjw/Documents/strava_mileage
11 verbose already installed skipping bower@1.2.x /Users/kahnjw/Documents/strava_mileage
12 verbose already installed skipping grunt@0.4.x /Users/kahnjw/Documents/strava_mileage
13 verbose already installed skipping grunt-cli@0.1.x /Users/kahnjw/Documents/strava_mileage
14 verbose already installed skipping grunt-contrib-handlebars@0.6.x /Users/kahnjw/Documents/strava_mileage
15 verbose already installed skipping grunt-contrib-jasmine@0.5.x /Users/kahnjw/Documents/strava_mileage
16 verbose already installed skipping grunt-contrib-jshint@0.7.x /Users/kahnjw/Documents/strava_mileage
17 verbose already installed skipping grunt-contrib-less@0.7.x /Users/kahnjw/Documents/strava_mileage
18 verbose already installed skipping grunt-contrib-requirejs@0.4.x /Users/kahnjw/Documents/strava_mileage
19 verbose already installed skipping grunt-contrib-watch@0.5.x /Users/kahnjw/Documents/strava_mileage
20 verbose already installed skipping grunt-contrib-testem@0.5.x /Users/kahnjw/Documents/strava_mileage
21 verbose already installed skipping grunt-env@0.4.x /Users/kahnjw/Documents/strava_mileage
22 verbose already installed skipping load-grunt-tasks@0.2.x /Users/kahnjw/Documents/strava_mileage
23 verbose already installed skipping testem@0.5.x /Users/kahnjw/Documents/strava_mileage
24 verbose already installed skipping grunt-contrib-connect@~0.7.1 /Users/kahnjw/Documents/strava_mileage
25 verbose already installed skipping handlebars-xgettext@1.0.x /Users/kahnjw/Documents/strava_mileage
26 verbose already installed skipping grunt-react@~0.8.2 /Users/kahnjw/Documents/strava_mileage
27 verbose cache add [ 'react-require@git@github.com:philix/jsx-requirejs-plugin.git#0.2.1',
27 verbose cache add   null ]
28 verbose cache add name=undefined spec="react-require@git@github.com:philix/jsx-requirejs-plugin.git#0.2.1" args=["react-require@git@github.com:philix/jsx-requirejs-plugin.git#0.2.1",null]
29 verbose parsed url { protocol: null,
29 verbose parsed url   slashes: null,
29 verbose parsed url   auth: null,
29 verbose parsed url   host: null,
29 verbose parsed url   port: null,
29 verbose parsed url   hostname: null,
29 verbose parsed url   hash: '#0.2.1',
29 verbose parsed url   search: null,
29 verbose parsed url   query: null,
29 verbose parsed url   pathname: 'react-require@git@github.com:philix/jsx-requirejs-plugin.git',
29 verbose parsed url   path: 'react-require@git@github.com:philix/jsx-requirejs-plugin.git',
29 verbose parsed url   href: 'react-require@git@github.com:philix/jsx-requirejs-plugin.git#0.2.1' }
30 verbose cache add name="react-require" spec="git@github.com:philix/jsx-requirejs-plugin.git#0.2.1" args=["react-require","git@github.com:philix/jsx-requirejs-plugin.git#0.2.1"]
31 verbose parsed url { protocol: null,
31 verbose parsed url   slashes: null,
31 verbose parsed url   auth: null,
31 verbose parsed url   host: null,
31 verbose parsed url   port: null,
31 verbose parsed url   hostname: null,
31 verbose parsed url   hash: '#0.2.1',
31 verbose parsed url   search: null,
31 verbose parsed url   query: null,
31 verbose parsed url   pathname: 'git@github.com:philix/jsx-requirejs-plugin.git',
31 verbose parsed url   path: 'git@github.com:philix/jsx-requirejs-plugin.git',
31 verbose parsed url   href: 'git@github.com:philix/jsx-requirejs-plugin.git#0.2.1' }
32 verbose addNamed [ 'react-require',
32 verbose addNamed   'git@github.com:philix/jsx-requirejs-plugin.git#0.2.1' ]
33 verbose addNamed [ null, null ]
34 silly lockFile cc506f93-x-jsx-requirejs-plugin-git-0-2-1 react-require@git@github.com:philix/jsx-requirejs-plugin.git#0.2.1
35 verbose lock react-require@git@github.com:philix/jsx-requirejs-plugin.git#0.2.1 /Users/kahnjw/.npm/cc506f93-x-jsx-requirejs-plugin-git-0-2-1.lock
36 info addNameTag [ 'react-require',
36 info addNameTag   'git@github.com:philix/jsx-requirejs-plugin.git#0.2.1' ]
37 verbose url raw react-require
38 verbose url resolving [ 'https://registry.npmjs.org/', './react-require' ]
39 verbose url resolved https://registry.npmjs.org/react-require
40 info trying registry request attempt 1 at 14:42:02
41 http GET https://registry.npmjs.org/react-require
42 http 404 https://registry.npmjs.org/react-require
43 silly registry.get cb [ 404,
43 silly registry.get   { date: 'Fri, 18 Apr 2014 21:42:03 GMT',
43 silly registry.get     server: 'CouchDB/1.5.0 (Erlang OTP/R14B04)',
43 silly registry.get     'content-type': 'application/json',
43 silly registry.get     via: '1.1 varnish',
43 silly registry.get     'cache-control': 'max-age=0',
43 silly registry.get     'content-length': '52',
43 silly registry.get     'accept-ranges': 'bytes',
43 silly registry.get     age: '0',
43 silly registry.get     'x-served-by': 'cache-v44-ASH, cache-lax1423-LAX',
43 silly registry.get     'x-cache': 'MISS, MISS',
43 silly registry.get     'x-cache-hits': '0, 0',
43 silly registry.get     'x-timer': 'S1397857323.102759361,VS0,VS31,VE118,VE151',
43 silly registry.get     'keep-alive': 'timeout=10, max=50',
43 silly registry.get     connection: 'Keep-Alive' } ]
44 info maybeGithub Attempting git@github.com:philix/jsx-requirejs-plugin.git#0.2.1 from git://github.com/git@github.com:philix/jsx-requirejs-plugin.git#0.2.1
45 silly lockFile 543d6e08-x-jsx-requirejs-plugin-git-0-2-1 git://github.com/git@github.com:philix/jsx-requirejs-plugin.git#0.2.1
46 verbose lock git://github.com/git@github.com:philix/jsx-requirejs-plugin.git#0.2.1 /Users/kahnjw/.npm/543d6e08-x-jsx-requirejs-plugin-git-0-2-1.lock
47 verbose addRemoteGit [ 'git://github.com/git@github.com:philix/jsx-requirejs-plugin.git',
47 verbose addRemoteGit   '0.2.1' ]
48 verbose git clone git://github.com/git@github.com:philix/jsx-requirejs-plugin.git Cloning into bare repository '/Users/kahnjw/.npm/_git-remotes/git-github-com-git-github-com-philix-jsx-requirejs-plugin-git-67d4a05d'...
48 verbose git clone git://github.com/git@github.com:philix/jsx-requirejs-plugin.git fatal: remote error:
48 verbose git clone git://github.com/git@github.com:philix/jsx-requirejs-plugin.git   git@github.com:philix/jsx-requirejs-plugin is not a valid repository name
48 verbose git clone git://github.com/git@github.com:philix/jsx-requirejs-plugin.git   Email support@github.com for help
49 silly lockFile 67d4a05d--philix-jsx-requirejs-plugin-git git://github.com/git@github.com:philix/jsx-requirejs-plugin.git
50 info maybeGithub Attempting git@github.com:philix/jsx-requirejs-plugin.git#0.2.1 from git+ssh://git@github.com:git@github.com:philix/jsx-requirejs-plugin.git#0.2.1
51 silly lockFile 30de3a98-x-jsx-requirejs-plugin-git-0-2-1 git+ssh://git@github.com:git@github.com:philix/jsx-requirejs-plugin.git#0.2.1
52 verbose lock git+ssh://git@github.com:git@github.com:philix/jsx-requirejs-plugin.git#0.2.1 /Users/kahnjw/.npm/30de3a98-x-jsx-requirejs-plugin-git-0-2-1.lock
53 verbose addRemoteGit [ 'git@github.com:git@github.com:philix/jsx-requirejs-plugin.git',
53 verbose addRemoteGit   '0.2.1' ]
54 verbose git clone git@github.com:git@github.com:philix/jsx-requirejs-plugin.git Cloning into bare repository '/Users/kahnjw/.npm/_git-remotes/git-github-com-git-github-com-philix-jsx-requirejs-plugin-git-c9841101'...
54 verbose git clone git@github.com:git@github.com:philix/jsx-requirejs-plugin.git fatal: remote error:
54 verbose git clone git@github.com:git@github.com:philix/jsx-requirejs-plugin.git    is not a valid repository name
54 verbose git clone git@github.com:git@github.com:philix/jsx-requirejs-plugin.git   Email support@github.com for help
55 silly lockFile c9841101--philix-jsx-requirejs-plugin-git git@github.com:git@github.com:philix/jsx-requirejs-plugin.git
56 silly lockFile cc506f93-x-jsx-requirejs-plugin-git-0-2-1 react-require@git@github.com:philix/jsx-requirejs-plugin.git#0.2.1
57 silly lockFile cc506f93-x-jsx-requirejs-plugin-git-0-2-1 react-require@git@github.com:philix/jsx-requirejs-plugin.git#0.2.1
58 error 404 'react-require' is not in the npm registry.
58 error 404 You should bug the author to publish it
58 error 404
58 error 404 Note that you can also install from a
58 error 404 tarball, folder, or http url, or git url.
59 error System Darwin 13.1.0
60 error command "/usr/local/bin/node" "/usr/local/bin/npm" "install"
61 error cwd /Users/kahnjw/Documents/strava_mileage
62 error node -v v0.10.24
63 error npm -v 1.3.21
64 error code E404
65 verbose exit [ 1, true ]
